*******************Starting TC001_CustomerRegistration****************
*******************End of TC001_CustomerRegistration******************
*******************Starting TC001_CustomerRegistration****************
Clicked on SignIN button with object: [[FirefoxDriver: firefox on WINDOWS (3ec29ee7-1054-46ab-9f84-a4b8c9d6bfe8)] -> link text: Sign in]
Entering Email ID :qatest96962@gmail.comusing object[[FirefoxDriver: firefox on WINDOWS (3ec29ee7-1054-46ab-9f84-a4b8c9d6bfe8)] -> id: email_create]
Clicking on Create an account: [[FirefoxDriver: firefox on WINDOWS (3ec29ee7-1054-46ab-9f84-a4b8c9d6bfe8)] -> id: SubmitCreate]
*******************Starting TC001_CustomerRegistration****************
Clicked on SignIN button with object: Proxy element for: DefaultElementLocator 'By.linkText: Sign in'
*******************Starting TC001_CustomerRegistration****************
Clicked on SignIN button with object: [[FirefoxDriver: firefox on WINDOWS (88f9a88d-e036-40ae-be86-6b1e3f11d612)] -> link text: Sign in]
Entering Email ID :qatest82298@gmail.com using object[[FirefoxDriver: firefox on WINDOWS (88f9a88d-e036-40ae-be86-6b1e3f11d612)] -> id: email_create]
Clicking on Create an account: [[FirefoxDriver: firefox on WINDOWS (88f9a88d-e036-40ae-be86-6b1e3f11d612)] -> id: SubmitCreate]
Verifying customer info page by using object: [[FirefoxDriver: firefox on WINDOWS (88f9a88d-e036-40ae-be86-6b1e3f11d612)] -> xpath: //h1[text()='Create an account']]
Clicking on Mr Radio button by using object: [[FirefoxDriver: firefox on WINDOWS (88f9a88d-e036-40ae-be86-6b1e3f11d612)] -> id: id_gender1]
Entering first name by using object :[[FirefoxDriver: firefox on WINDOWS (88f9a88d-e036-40ae-be86-6b1e3f11d612)] -> id: customer_firstname]
Entering last name by using object :[[FirefoxDriver: firefox on WINDOWS (88f9a88d-e036-40ae-be86-6b1e3f11d612)] -> id: customer_lastname]
Entering password by using object :[[FirefoxDriver: firefox on WINDOWS (88f9a88d-e036-40ae-be86-6b1e3f11d612)] -> id: passwd]
Selected a day by using object :[[FirefoxDriver: firefox on WINDOWS (88f9a88d-e036-40ae-be86-6b1e3f11d612)] -> id: days]
Selected a month by using object :[[FirefoxDriver: firefox on WINDOWS (88f9a88d-e036-40ae-be86-6b1e3f11d612)] -> id: months]
Selected a year by using object :[[FirefoxDriver: firefox on WINDOWS (88f9a88d-e036-40ae-be86-6b1e3f11d612)] -> id: years]
Entering address by using object :[[FirefoxDriver: firefox on WINDOWS (88f9a88d-e036-40ae-be86-6b1e3f11d612)] -> id: address1]
Entering state by using object :[[FirefoxDriver: firefox on WINDOWS (88f9a88d-e036-40ae-be86-6b1e3f11d612)] -> id: city]
Selected a state by using object :[[FirefoxDriver: firefox on WINDOWS (88f9a88d-e036-40ae-be86-6b1e3f11d612)] -> id: id_state]
Entering zipcode by using object :[[FirefoxDriver: firefox on WINDOWS (88f9a88d-e036-40ae-be86-6b1e3f11d612)] -> id: postcode]
Selected a country by using object :[[FirefoxDriver: firefox on WINDOWS (88f9a88d-e036-40ae-be86-6b1e3f11d612)] -> id: id_country]
Entering mobile number by using object :[[FirefoxDriver: firefox on WINDOWS (88f9a88d-e036-40ae-be86-6b1e3f11d612)] -> id: phone_mobile]
Entering aliasing Address by using object :[[FirefoxDriver: firefox on WINDOWS (88f9a88d-e036-40ae-be86-6b1e3f11d612)] -> id: alias]
Clicking on Register :Proxy element for: DefaultElementLocator 'By.id: submitAccount'
Verified My account page by using object :[[FirefoxDriver: firefox on WINDOWS (88f9a88d-e036-40ae-be86-6b1e3f11d612)] -> xpath: //h1[text()='My account']]
Clicked on SignOut button with object : Proxy element for: DefaultElementLocator 'By.linkText: Sign out'
*******************End of TC001_CustomerRegistration******************
*******************Starting TC001_CustomerRegistration****************
Clicked on SignIN button with object: [[FirefoxDriver: firefox on WINDOWS (69ea64dd-7cea-4e65-9590-e2a044be9ded)] -> link text: Sign in]
Entering Email ID :qatest74310@gmail.com using object[[FirefoxDriver: firefox on WINDOWS (69ea64dd-7cea-4e65-9590-e2a044be9ded)] -> id: email_create]
Clicking on Create an account: [[FirefoxDriver: firefox on WINDOWS (69ea64dd-7cea-4e65-9590-e2a044be9ded)] -> id: SubmitCreate]
Verifying customer info page by using object: [[FirefoxDriver: firefox on WINDOWS (69ea64dd-7cea-4e65-9590-e2a044be9ded)] -> xpath: //h1[text()='Create an account']]
Clicking on Mr Radio button by using object: [[FirefoxDriver: firefox on WINDOWS (69ea64dd-7cea-4e65-9590-e2a044be9ded)] -> id: id_gender1]
Entering first name by using object :[[FirefoxDriver: firefox on WINDOWS (69ea64dd-7cea-4e65-9590-e2a044be9ded)] -> id: customer_firstname]
Entering last name by using object :[[FirefoxDriver: firefox on WINDOWS (69ea64dd-7cea-4e65-9590-e2a044be9ded)] -> id: customer_lastname]
Entering password by using object :[[FirefoxDriver: firefox on WINDOWS (69ea64dd-7cea-4e65-9590-e2a044be9ded)] -> id: passwd]
Selected a day by using object :[[FirefoxDriver: firefox on WINDOWS (69ea64dd-7cea-4e65-9590-e2a044be9ded)] -> id: days]
Selected a month by using object :[[FirefoxDriver: firefox on WINDOWS (69ea64dd-7cea-4e65-9590-e2a044be9ded)] -> id: months]
Selected a year by using object :[[FirefoxDriver: firefox on WINDOWS (69ea64dd-7cea-4e65-9590-e2a044be9ded)] -> id: years]
Entering address by using object :[[FirefoxDriver: firefox on WINDOWS (69ea64dd-7cea-4e65-9590-e2a044be9ded)] -> id: address1]
Entering state by using object :[[FirefoxDriver: firefox on WINDOWS (69ea64dd-7cea-4e65-9590-e2a044be9ded)] -> id: city]
Selected a state by using object :[[FirefoxDriver: firefox on WINDOWS (69ea64dd-7cea-4e65-9590-e2a044be9ded)] -> id: id_state]
Entering zipcode by using object :[[FirefoxDriver: firefox on WINDOWS (69ea64dd-7cea-4e65-9590-e2a044be9ded)] -> id: postcode]
Selected a country by using object :[[FirefoxDriver: firefox on WINDOWS (69ea64dd-7cea-4e65-9590-e2a044be9ded)] -> id: id_country]
Entering mobile number by using object :[[FirefoxDriver: firefox on WINDOWS (69ea64dd-7cea-4e65-9590-e2a044be9ded)] -> id: phone_mobile]
Entering aliasing Address by using object :[[FirefoxDriver: firefox on WINDOWS (69ea64dd-7cea-4e65-9590-e2a044be9ded)] -> id: alias]
Clicking on Register :Proxy element for: DefaultElementLocator 'By.id: submitAccount'
Verified My account page by using object :[[FirefoxDriver: firefox on WINDOWS (69ea64dd-7cea-4e65-9590-e2a044be9ded)] -> xpath: //h1[text()='My account']]
Clicked on SignOut button with object : Proxy element for: DefaultElementLocator 'By.linkText: Sign out'
*******************End of TC001_CustomerRegistration******************
*******************Starting TC001_CustomerRegistration****************
Clicked on SignIN button with object: [[FirefoxDriver: firefox on WINDOWS (6ab8e903-6ef3-4cfe-b0df-813a4e44fd44)] -> link text: Sign in]
Entering Email ID :qatest66280@gmail.com using object[[FirefoxDriver: firefox on WINDOWS (6ab8e903-6ef3-4cfe-b0df-813a4e44fd44)] -> id: email_create]
Clicking on Create an account: [[FirefoxDriver: firefox on WINDOWS (6ab8e903-6ef3-4cfe-b0df-813a4e44fd44)] -> id: SubmitCreate]
Verifying customer info page by using object: [[FirefoxDriver: firefox on WINDOWS (6ab8e903-6ef3-4cfe-b0df-813a4e44fd44)] -> xpath: //h1[text()='Create an account']]
Clicking on Mr Radio button by using object: [[FirefoxDriver: firefox on WINDOWS (6ab8e903-6ef3-4cfe-b0df-813a4e44fd44)] -> id: id_gender1]
Entering first name by using object :[[FirefoxDriver: firefox on WINDOWS (6ab8e903-6ef3-4cfe-b0df-813a4e44fd44)] -> id: customer_firstname]
Entering last name by using object :[[FirefoxDriver: firefox on WINDOWS (6ab8e903-6ef3-4cfe-b0df-813a4e44fd44)] -> id: customer_lastname]
Entering password by using object :[[FirefoxDriver: firefox on WINDOWS (6ab8e903-6ef3-4cfe-b0df-813a4e44fd44)] -> id: passwd]
Selected a day by using object :[[FirefoxDriver: firefox on WINDOWS (6ab8e903-6ef3-4cfe-b0df-813a4e44fd44)] -> id: days]
Selected a month by using object :[[FirefoxDriver: firefox on WINDOWS (6ab8e903-6ef3-4cfe-b0df-813a4e44fd44)] -> id: months]
Selected a year by using object :[[FirefoxDriver: firefox on WINDOWS (6ab8e903-6ef3-4cfe-b0df-813a4e44fd44)] -> id: years]
Entering address by using object :[[FirefoxDriver: firefox on WINDOWS (6ab8e903-6ef3-4cfe-b0df-813a4e44fd44)] -> id: address1]
Entering state by using object :[[FirefoxDriver: firefox on WINDOWS (6ab8e903-6ef3-4cfe-b0df-813a4e44fd44)] -> id: city]
Selected a state by using object :[[FirefoxDriver: firefox on WINDOWS (6ab8e903-6ef3-4cfe-b0df-813a4e44fd44)] -> id: id_state]
Entering zipcode by using object :[[FirefoxDriver: firefox on WINDOWS (6ab8e903-6ef3-4cfe-b0df-813a4e44fd44)] -> id: postcode]
Selected a country by using object :[[FirefoxDriver: firefox on WINDOWS (6ab8e903-6ef3-4cfe-b0df-813a4e44fd44)] -> id: id_country]
Entering mobile number by using object :[[FirefoxDriver: firefox on WINDOWS (6ab8e903-6ef3-4cfe-b0df-813a4e44fd44)] -> id: phone_mobile]
Entering aliasing Address by using object :[[FirefoxDriver: firefox on WINDOWS (6ab8e903-6ef3-4cfe-b0df-813a4e44fd44)] -> id: alias]
Clicking on Register :Proxy element for: DefaultElementLocator 'By.id: submitAccount'
Verified My account page by using object :[[FirefoxDriver: firefox on WINDOWS (6ab8e903-6ef3-4cfe-b0df-813a4e44fd44)] -> xpath: //h1[text()='My account']]
Clicked on SignOut button with object : Proxy element for: DefaultElementLocator 'By.linkText: Sign out'
*******************End of TC001_CustomerRegistration******************
*******************Starting TC001_CustomerRegistration****************
*******************Starting TC001_CustomerRegistration****************
Clicked on SignIN button with object: [[FirefoxDriver: firefox on WINDOWS (3df3fdd5-8089-4ba7-9360-0db60210227d)] -> link text: Sign in]
Entering Email ID :qatest15254@gmail.com using object[[FirefoxDriver: firefox on WINDOWS (3df3fdd5-8089-4ba7-9360-0db60210227d)] -> id: email_create]
Clicking on Create an account: [[FirefoxDriver: firefox on WINDOWS (3df3fdd5-8089-4ba7-9360-0db60210227d)] -> id: SubmitCreate]
Verifying customer info page by using object: [[FirefoxDriver: firefox on WINDOWS (3df3fdd5-8089-4ba7-9360-0db60210227d)] -> xpath: //h1[text()='Create an account']]
Clicking on Mr Radio button by using object: [[FirefoxDriver: firefox on WINDOWS (3df3fdd5-8089-4ba7-9360-0db60210227d)] -> id: id_gender1]
Entering first name by using object :[[FirefoxDriver: firefox on WINDOWS (3df3fdd5-8089-4ba7-9360-0db60210227d)] -> id: customer_firstname]
Entering last name by using object :[[FirefoxDriver: firefox on WINDOWS (3df3fdd5-8089-4ba7-9360-0db60210227d)] -> id: customer_lastname]
Entering password by using object :[[FirefoxDriver: firefox on WINDOWS (3df3fdd5-8089-4ba7-9360-0db60210227d)] -> id: passwd]
Selected a day by using object :[[FirefoxDriver: firefox on WINDOWS (3df3fdd5-8089-4ba7-9360-0db60210227d)] -> id: days]
Selected a month by using object :[[FirefoxDriver: firefox on WINDOWS (3df3fdd5-8089-4ba7-9360-0db60210227d)] -> id: months]
Selected a year by using object :[[FirefoxDriver: firefox on WINDOWS (3df3fdd5-8089-4ba7-9360-0db60210227d)] -> id: years]
Entering address by using object :[[FirefoxDriver: firefox on WINDOWS (3df3fdd5-8089-4ba7-9360-0db60210227d)] -> id: address1]
Entering state by using object :[[FirefoxDriver: firefox on WINDOWS (3df3fdd5-8089-4ba7-9360-0db60210227d)] -> id: city]
Selected a state by using object :[[FirefoxDriver: firefox on WINDOWS (3df3fdd5-8089-4ba7-9360-0db60210227d)] -> id: id_state]
Entering zipcode by using object :[[FirefoxDriver: firefox on WINDOWS (3df3fdd5-8089-4ba7-9360-0db60210227d)] -> id: postcode]
Selected a country by using object :[[FirefoxDriver: firefox on WINDOWS (3df3fdd5-8089-4ba7-9360-0db60210227d)] -> id: id_country]
Entering mobile number by using object :[[FirefoxDriver: firefox on WINDOWS (3df3fdd5-8089-4ba7-9360-0db60210227d)] -> id: phone_mobile]
Entering aliasing Address by using object :[[FirefoxDriver: firefox on WINDOWS (3df3fdd5-8089-4ba7-9360-0db60210227d)] -> id: alias]
Clicking on Register :Proxy element for: DefaultElementLocator 'By.id: submitAccount'
Verified My account page by using object :[[FirefoxDriver: firefox on WINDOWS (3df3fdd5-8089-4ba7-9360-0db60210227d)] -> xpath: //h1[text()='My account']]
Clicked on SignOut button with object : Proxy element for: DefaultElementLocator 'By.linkText: Sign out'
*******************End of TC001_CustomerRegistration******************
*******************Starting TC001_CustomerRegistration****************
Clicked on SignIN button with object: [[FirefoxDriver: firefox on WINDOWS (09ef3c0a-f25f-4d6b-a638-19b70f985cd3)] -> link text: Sign in]
Entering Email ID :qatest80797@gmail.com using object[[FirefoxDriver: firefox on WINDOWS (09ef3c0a-f25f-4d6b-a638-19b70f985cd3)] -> id: email_create]
*******************Starting TC001_CustomerRegistration****************
Clicked on SignIN button with object: [[FirefoxDriver: firefox on WINDOWS (d3f2c79f-e7a8-4b88-b61b-5ca3dc9dcde7)] -> link text: Sign in]
Entering Email ID :qatest65986@gmail.com using object[[FirefoxDriver: firefox on WINDOWS (d3f2c79f-e7a8-4b88-b61b-5ca3dc9dcde7)] -> id: email_create]
*******************Starting TC001_CustomerRegistration****************
Clicked on SignIN button with object: [[FirefoxDriver: firefox on WINDOWS (d6640eed-7c80-4747-9dc8-64249a485855)] -> link text: Sign in]
Entering Email ID :qatest28076@gmail.com using object[[FirefoxDriver: firefox on WINDOWS (d6640eed-7c80-4747-9dc8-64249a485855)] -> id: email_create]
*******************Starting TC001_CustomerRegistration****************
Clicked on SignIN button with object: [[FirefoxDriver: firefox on WINDOWS (fa23e85c-4e2d-442c-b24d-b8b5076463ec)] -> link text: Sign in]
Entering Email ID :qatest63510@gmail.com using object[[FirefoxDriver: firefox on WINDOWS (fa23e85c-4e2d-442c-b24d-b8b5076463ec)] -> id: email_create]
*******************Starting TC001_CustomerRegistration****************
Clicked on SignIN button with object: [[FirefoxDriver: firefox on WINDOWS (fb17c549-25a8-45af-a4d2-30fa97548213)] -> link text: Sign in]
Entering Email ID :qatest43546@gmail.com using object[[FirefoxDriver: firefox on WINDOWS (fb17c549-25a8-45af-a4d2-30fa97548213)] -> id: email_create]
*******************Starting TC001_CustomerRegistration****************
Clicked on SignIN button with object: [[FirefoxDriver: firefox on WINDOWS (1fa5868a-5aa5-4c2a-b80f-85951d1eb796)] -> link text: Sign in]
Entering Email ID :qatest97615@gmail.com using object[[FirefoxDriver: firefox on WINDOWS (1fa5868a-5aa5-4c2a-b80f-85951d1eb796)] -> id: email_create]
*******************Starting TC001_CustomerRegistration****************
Clicked on SignIN button with object: [[FirefoxDriver: firefox on WINDOWS (f5c56816-e83c-4939-8f0a-da605067fae9)] -> link text: Sign in]
Entering Email ID :qatest86895@gmail.com using object[[FirefoxDriver: firefox on WINDOWS (f5c56816-e83c-4939-8f0a-da605067fae9)] -> id: email_create]
*******************Starting TC001_CustomerRegistration****************
Clicked on SignIN button with object: [[FirefoxDriver: firefox on WINDOWS (57ae220d-32b3-48a4-ab25-f90aa4870b35)] -> link text: Sign in]
Entering Email ID :qatest64514@gmail.com using object[[FirefoxDriver: firefox on WINDOWS (57ae220d-32b3-48a4-ab25-f90aa4870b35)] -> id: email_create]
*******************Starting TC001_CustomerRegistration****************
Clicked on SignIN button with object: [[FirefoxDriver: firefox on WINDOWS (cafe7032-8a44-46b3-9384-49744014c2d4)] -> link text: Sign in]
Entering Email ID :qatest76168@gmail.com using object[[FirefoxDriver: firefox on WINDOWS (cafe7032-8a44-46b3-9384-49744014c2d4)] -> id: email_create]
*******************Starting TC001_CustomerRegistration****************
Clicked on SignIN button with object: [[FirefoxDriver: firefox on WINDOWS (bd2966b3-6993-4c9f-8158-8a708575a837)] -> link text: Sign in]
Entering Email ID :qatest22002@gmail.com using object[[FirefoxDriver: firefox on WINDOWS (bd2966b3-6993-4c9f-8158-8a708575a837)] -> id: email_create]
Clicking on Create an account: [[FirefoxDriver: firefox on WINDOWS (bd2966b3-6993-4c9f-8158-8a708575a837)] -> id: SubmitCreate]
Verifying customer info page by using object: [[FirefoxDriver: firefox on WINDOWS (bd2966b3-6993-4c9f-8158-8a708575a837)] -> xpath: //h1[text()='Create an account']]
Clicking on Mr Radio button by using object: [[FirefoxDriver: firefox on WINDOWS (bd2966b3-6993-4c9f-8158-8a708575a837)] -> id: id_gender1]
Entering first name by using object :[[FirefoxDriver: firefox on WINDOWS (bd2966b3-6993-4c9f-8158-8a708575a837)] -> id: customer_firstname]
Entering last name by using object :[[FirefoxDriver: firefox on WINDOWS (bd2966b3-6993-4c9f-8158-8a708575a837)] -> id: customer_lastname]
Entering password by using object :[[FirefoxDriver: firefox on WINDOWS (bd2966b3-6993-4c9f-8158-8a708575a837)] -> id: passwd]
Selected a day by using object :[[FirefoxDriver: firefox on WINDOWS (bd2966b3-6993-4c9f-8158-8a708575a837)] -> id: days]
Selected a month by using object :[[FirefoxDriver: firefox on WINDOWS (bd2966b3-6993-4c9f-8158-8a708575a837)] -> id: months]
Selected a year by using object :[[FirefoxDriver: firefox on WINDOWS (bd2966b3-6993-4c9f-8158-8a708575a837)] -> id: years]
Entering address by using object :[[FirefoxDriver: firefox on WINDOWS (bd2966b3-6993-4c9f-8158-8a708575a837)] -> id: address1]
Entering state by using object :[[FirefoxDriver: firefox on WINDOWS (bd2966b3-6993-4c9f-8158-8a708575a837)] -> id: city]
Selected a state by using object :[[FirefoxDriver: firefox on WINDOWS (bd2966b3-6993-4c9f-8158-8a708575a837)] -> id: id_state]
Entering zipcode by using object :[[FirefoxDriver: firefox on WINDOWS (bd2966b3-6993-4c9f-8158-8a708575a837)] -> id: postcode]
Selected a country by using object :[[FirefoxDriver: firefox on WINDOWS (bd2966b3-6993-4c9f-8158-8a708575a837)] -> id: id_country]
Entering mobile number by using object :[[FirefoxDriver: firefox on WINDOWS (bd2966b3-6993-4c9f-8158-8a708575a837)] -> id: phone_mobile]
Entering aliasing Address by using object :[[FirefoxDriver: firefox on WINDOWS (bd2966b3-6993-4c9f-8158-8a708575a837)] -> id: alias]
Clicking on Register :Proxy element for: DefaultElementLocator 'By.id: submitAccount'
Verified My account page by using object :[[FirefoxDriver: firefox on WINDOWS (bd2966b3-6993-4c9f-8158-8a708575a837)] -> xpath: //h1[text()='My account']]
Clicked on SignOut button with object : Proxy element for: DefaultElementLocator 'By.linkText: Sign out'
*******************End of TC001_CustomerRegistration******************
*******************Starting TC001_CustomerRegistration****************
Clicked on SignIN button with object: [[FirefoxDriver: firefox on WINDOWS (6dabd338-65f2-45fd-9817-c81912cc11e3)] -> link text: Sign in]
Entering Email ID :qatest76810@gmail.com using object[[FirefoxDriver: firefox on WINDOWS (6dabd338-65f2-45fd-9817-c81912cc11e3)] -> id: email_create]
*******************Starting TC001_CustomerRegistration****************
Clicked on SignIN button with object: [[FirefoxDriver: firefox on WINDOWS (d69d0eb4-fa7e-46d3-a573-4500be7c6f4d)] -> link text: Sign in]
Entering Email ID :qatest96251@gmail.com using object[[FirefoxDriver: firefox on WINDOWS (d69d0eb4-fa7e-46d3-a573-4500be7c6f4d)] -> id: email_create]
*******************Starting TC001_CustomerRegistration****************
Clicked on SignIN button with object: [[FirefoxDriver: firefox on WINDOWS (d69d0eb4-fa7e-46d3-a573-4500be7c6f4d)] -> link text: Sign in]
Entering Email ID :qatest56563@gmail.com using object[[FirefoxDriver: firefox on WINDOWS (d69d0eb4-fa7e-46d3-a573-4500be7c6f4d)] -> id: email_create]
*******************Starting TC001_CustomerRegistration****************
Clicked on SignIN button with object: [[FirefoxDriver: firefox on WINDOWS (d69d0eb4-fa7e-46d3-a573-4500be7c6f4d)] -> link text: Sign in]
Entering Email ID :qatest15531@gmail.com using object[[FirefoxDriver: firefox on WINDOWS (d69d0eb4-fa7e-46d3-a573-4500be7c6f4d)] -> id: email_create]
*******************Starting TC001_CustomerRegistration****************
Clicked on SignIN button with object: [[FirefoxDriver: firefox on WINDOWS (8c0e76b1-cb1e-4cd9-ad36-ef96a6e5b58d)] -> link text: Sign in]
Entering Email ID :qatest31319@gmail.com using object[[FirefoxDriver: firefox on WINDOWS (8c0e76b1-cb1e-4cd9-ad36-ef96a6e5b58d)] -> id: email_create]
*******************Starting TC001_CustomerRegistration****************
Clicked on SignIN button with object: [[FirefoxDriver: firefox on WINDOWS (8c0e76b1-cb1e-4cd9-ad36-ef96a6e5b58d)] -> link text: Sign in]
Entering Email ID :qatest75712@gmail.com using object[[FirefoxDriver: firefox on WINDOWS (8c0e76b1-cb1e-4cd9-ad36-ef96a6e5b58d)] -> id: email_create]
*******************Starting TC001_CustomerRegistration****************
Clicked on SignIN button with object: [[FirefoxDriver: firefox on WINDOWS (8c0e76b1-cb1e-4cd9-ad36-ef96a6e5b58d)] -> link text: Sign in]
Entering Email ID :qatest13317@gmail.com using object[[FirefoxDriver: firefox on WINDOWS (8c0e76b1-cb1e-4cd9-ad36-ef96a6e5b58d)] -> id: email_create]
*******************Starting TC001_CustomerRegistration****************
Clicked on SignIN button with object: [[FirefoxDriver: firefox on WINDOWS (8c0e76b1-cb1e-4cd9-ad36-ef96a6e5b58d)] -> link text: Sign in]
Entering Email ID :qatest21484@gmail.com using object[[FirefoxDriver: firefox on WINDOWS (8c0e76b1-cb1e-4cd9-ad36-ef96a6e5b58d)] -> id: email_create]
*******************Starting TC001_CustomerRegistration****************
Clicked on SignIN button with object: [[FirefoxDriver: firefox on WINDOWS (e34402fb-5e3e-4560-b197-c448b089944b)] -> link text: Sign in]
Entering Email ID :qatest22901@gmail.com using object[[FirefoxDriver: firefox on WINDOWS (e34402fb-5e3e-4560-b197-c448b089944b)] -> id: email_create]
Clicking on Create an account: [[FirefoxDriver: firefox on WINDOWS (e34402fb-5e3e-4560-b197-c448b089944b)] -> id: SubmitCreate]
*******************Starting TC001_CustomerRegistration****************
Clicked on SignIN button with object: [[FirefoxDriver: firefox on WINDOWS (e34402fb-5e3e-4560-b197-c448b089944b)] -> link text: Sign in]
Entering Email ID :qatest22822@gmail.com using object[[FirefoxDriver: firefox on WINDOWS (e34402fb-5e3e-4560-b197-c448b089944b)] -> id: email_create]
Clicking on Create an account: [[FirefoxDriver: firefox on WINDOWS (e34402fb-5e3e-4560-b197-c448b089944b)] -> id: SubmitCreate]
*******************Starting TC001_CustomerRegistration****************
Clicked on SignIN button with object: [[FirefoxDriver: firefox on WINDOWS (e34402fb-5e3e-4560-b197-c448b089944b)] -> link text: Sign in]
Entering Email ID :qatest10997@gmail.com using object[[FirefoxDriver: firefox on WINDOWS (e34402fb-5e3e-4560-b197-c448b089944b)] -> id: email_create]
Clicking on Create an account: [[FirefoxDriver: firefox on WINDOWS (e34402fb-5e3e-4560-b197-c448b089944b)] -> id: SubmitCreate]
Verifying customer info page by using object: [[FirefoxDriver: firefox on WINDOWS (e34402fb-5e3e-4560-b197-c448b089944b)] -> xpath: //h1[text()='Create an account']]
Clicking on Mr Radio button by using object: [[FirefoxDriver: firefox on WINDOWS (e34402fb-5e3e-4560-b197-c448b089944b)] -> id: id_gender1]
Entering first name by using object :[[FirefoxDriver: firefox on WINDOWS (e34402fb-5e3e-4560-b197-c448b089944b)] -> id: customer_firstname]
Entering last name by using object :[[FirefoxDriver: firefox on WINDOWS (e34402fb-5e3e-4560-b197-c448b089944b)] -> id: customer_lastname]
Entering password by using object :[[FirefoxDriver: firefox on WINDOWS (e34402fb-5e3e-4560-b197-c448b089944b)] -> id: passwd]
Selected a day by using object :[[FirefoxDriver: firefox on WINDOWS (e34402fb-5e3e-4560-b197-c448b089944b)] -> id: days]
Selected a month by using object :[[FirefoxDriver: firefox on WINDOWS (e34402fb-5e3e-4560-b197-c448b089944b)] -> id: months]
Selected a year by using object :[[FirefoxDriver: firefox on WINDOWS (e34402fb-5e3e-4560-b197-c448b089944b)] -> id: years]
Entering address by using object :[[FirefoxDriver: firefox on WINDOWS (e34402fb-5e3e-4560-b197-c448b089944b)] -> id: address1]
Entering state by using object :[[FirefoxDriver: firefox on WINDOWS (e34402fb-5e3e-4560-b197-c448b089944b)] -> id: city]
Selected a state by using object :[[FirefoxDriver: firefox on WINDOWS (e34402fb-5e3e-4560-b197-c448b089944b)] -> id: id_state]
Entering zipcode by using object :[[FirefoxDriver: firefox on WINDOWS (e34402fb-5e3e-4560-b197-c448b089944b)] -> id: postcode]
Selected a country by using object :[[FirefoxDriver: firefox on WINDOWS (e34402fb-5e3e-4560-b197-c448b089944b)] -> id: id_country]
Entering mobile number by using object :[[FirefoxDriver: firefox on WINDOWS (e34402fb-5e3e-4560-b197-c448b089944b)] -> id: phone_mobile]
Entering aliasing Address by using object :[[FirefoxDriver: firefox on WINDOWS (e34402fb-5e3e-4560-b197-c448b089944b)] -> id: alias]
Clicking on Register :Proxy element for: DefaultElementLocator 'By.id: submitAccount'
Verified My account page by using object :[[FirefoxDriver: firefox on WINDOWS (e34402fb-5e3e-4560-b197-c448b089944b)] -> xpath: //h1[text()='My account']]
Clicked on SignOut button with object : Proxy element for: DefaultElementLocator 'By.linkText: Sign out'
*******************End of TC001_CustomerRegistration******************
*******************Starting TC001_CustomerRegistration****************
Clicked on SignIN button with object: [[FirefoxDriver: firefox on WINDOWS (f996b557-6a5e-4295-a12b-c2b5edb5ac29)] -> link text: Sign in]
Entering Email ID :qatest12379@gmail.com using object[[FirefoxDriver: firefox on WINDOWS (f996b557-6a5e-4295-a12b-c2b5edb5ac29)] -> id: email_create]
*******************Starting TC001_CustomerRegistration****************
Clicked on SignIN button with object: [[FirefoxDriver: firefox on WINDOWS (f996b557-6a5e-4295-a12b-c2b5edb5ac29)] -> link text: Sign in]
Entering Email ID :qatest6890@gmail.com using object[[FirefoxDriver: firefox on WINDOWS (f996b557-6a5e-4295-a12b-c2b5edb5ac29)] -> id: email_create]
*******************Starting TC001_CustomerRegistration****************
Clicked on SignIN button with object: [[FirefoxDriver: firefox on WINDOWS (f996b557-6a5e-4295-a12b-c2b5edb5ac29)] -> link text: Sign in]
Entering Email ID :qatest94630@gmail.com using object[[FirefoxDriver: firefox on WINDOWS (f996b557-6a5e-4295-a12b-c2b5edb5ac29)] -> id: email_create]
*******************Starting TC001_CustomerRegistration****************
Clicked on SignIN button with object: [[FirefoxDriver: firefox on WINDOWS (f996b557-6a5e-4295-a12b-c2b5edb5ac29)] -> link text: Sign in]
Entering Email ID :qatest80498@gmail.com using object[[FirefoxDriver: firefox on WINDOWS (f996b557-6a5e-4295-a12b-c2b5edb5ac29)] -> id: email_create]
*******************Starting TC001_CustomerRegistration****************
Clicked on SignIN button with object: [[FirefoxDriver: firefox on WINDOWS (c4281c60-5342-4291-a088-37638c003f0f)] -> link text: Sign in]
Entering Email ID :qatest29533@gmail.com using object[[FirefoxDriver: firefox on WINDOWS (c4281c60-5342-4291-a088-37638c003f0f)] -> id: email_create]
*******************Starting TC001_CustomerRegistration****************
Clicked on SignIN button with object: [[FirefoxDriver: firefox on WINDOWS (c4281c60-5342-4291-a088-37638c003f0f)] -> link text: Sign in]
Entering Email ID :qatest57998@gmail.com using object[[FirefoxDriver: firefox on WINDOWS (c4281c60-5342-4291-a088-37638c003f0f)] -> id: email_create]
*******************Starting TC001_CustomerRegistration****************
Clicked on SignIN button with object: [[FirefoxDriver: firefox on WINDOWS (c4281c60-5342-4291-a088-37638c003f0f)] -> link text: Sign in]
Entering Email ID :qatest81448@gmail.com using object[[FirefoxDriver: firefox on WINDOWS (c4281c60-5342-4291-a088-37638c003f0f)] -> id: email_create]
*******************Starting TC001_CustomerRegistration****************
Clicked on SignIN button with object: [[FirefoxDriver: firefox on WINDOWS (c4281c60-5342-4291-a088-37638c003f0f)] -> link text: Sign in]
Entering Email ID :qatest92604@gmail.com using object[[FirefoxDriver: firefox on WINDOWS (c4281c60-5342-4291-a088-37638c003f0f)] -> id: email_create]
*******************Starting TC001_CustomerRegistration****************
Clicked on SignIN button with object: [[FirefoxDriver: firefox on WINDOWS (339f8cc0-0429-4953-9a43-30877df8c757)] -> link text: Sign in]
*******************Starting TC001_CustomerRegistration****************
Clicked on SignIN button with object: [[FirefoxDriver: firefox on WINDOWS (339f8cc0-0429-4953-9a43-30877df8c757)] -> link text: Sign in]
*******************Starting TC001_CustomerRegistration****************
Clicked on SignIN button with object: [[FirefoxDriver: firefox on WINDOWS (339f8cc0-0429-4953-9a43-30877df8c757)] -> link text: Sign in]
*******************Starting TC001_CustomerRegistration****************
Clicked on SignIN button with object: [[FirefoxDriver: firefox on WINDOWS (339f8cc0-0429-4953-9a43-30877df8c757)] -> link text: Sign in]
*******************Starting TC001_CustomerRegistration****************
Clicked on SignIN button with object: Proxy element for: DefaultElementLocator 'By.linkText: Sign in'
Entering Email ID :qatest23980@gmail.com using object[[FirefoxDriver: firefox on WINDOWS (f27f4def-7749-49d9-8b34-3180160d7e7c)] -> id: email_create]
*******************Starting TC001_CustomerRegistration****************
Clicked on SignIN button with object: [[FirefoxDriver: firefox on WINDOWS (f27f4def-7749-49d9-8b34-3180160d7e7c)] -> link text: Sign in]
Entering Email ID :qatest33286@gmail.com using object[[FirefoxDriver: firefox on WINDOWS (f27f4def-7749-49d9-8b34-3180160d7e7c)] -> id: email_create]
*******************Starting TC001_CustomerRegistration****************
Clicked on SignIN button with object: [[FirefoxDriver: firefox on WINDOWS (f27f4def-7749-49d9-8b34-3180160d7e7c)] -> link text: Sign in]
Entering Email ID :qatest46822@gmail.com using object[[FirefoxDriver: firefox on WINDOWS (f27f4def-7749-49d9-8b34-3180160d7e7c)] -> id: email_create]
*******************Starting TC001_CustomerRegistration****************
Clicked on SignIN button with object: [[FirefoxDriver: firefox on WINDOWS (f27f4def-7749-49d9-8b34-3180160d7e7c)] -> link text: Sign in]
Entering Email ID :qatest28517@gmail.com using object[[FirefoxDriver: firefox on WINDOWS (f27f4def-7749-49d9-8b34-3180160d7e7c)] -> id: email_create]
*******************Starting TC001_CustomerRegistration****************
Clicked on SignIN button with object: Proxy element for: DefaultElementLocator 'By.linkText: Sign in'
Entering Email ID :qatest63809@gmail.com using object[[FirefoxDriver: firefox on WINDOWS (8fdedb6e-e933-4b00-b952-2a27f5ac8022)] -> id: email_create]
Clicking on Create an account: [[FirefoxDriver: firefox on WINDOWS (8fdedb6e-e933-4b00-b952-2a27f5ac8022)] -> id: SubmitCreate]
Verifying customer info page by using object: [[FirefoxDriver: firefox on WINDOWS (8fdedb6e-e933-4b00-b952-2a27f5ac8022)] -> xpath: //h1[text()='Create an account']]
Clicking on Mr Radio button by using object: [[FirefoxDriver: firefox on WINDOWS (8fdedb6e-e933-4b00-b952-2a27f5ac8022)] -> id: id_gender1]
Entering first name by using object :[[FirefoxDriver: firefox on WINDOWS (8fdedb6e-e933-4b00-b952-2a27f5ac8022)] -> id: customer_firstname]
Entering last name by using object :[[FirefoxDriver: firefox on WINDOWS (8fdedb6e-e933-4b00-b952-2a27f5ac8022)] -> id: customer_lastname]
Entering password by using object :[[FirefoxDriver: firefox on WINDOWS (8fdedb6e-e933-4b00-b952-2a27f5ac8022)] -> id: passwd]
Selected a day by using object :[[FirefoxDriver: firefox on WINDOWS (8fdedb6e-e933-4b00-b952-2a27f5ac8022)] -> id: days]
Selected a month by using object :[[FirefoxDriver: firefox on WINDOWS (8fdedb6e-e933-4b00-b952-2a27f5ac8022)] -> id: months]
Selected a year by using object :[[FirefoxDriver: firefox on WINDOWS (8fdedb6e-e933-4b00-b952-2a27f5ac8022)] -> id: years]
Entering address by using object :[[FirefoxDriver: firefox on WINDOWS (8fdedb6e-e933-4b00-b952-2a27f5ac8022)] -> id: address1]
Entering state by using object :[[FirefoxDriver: firefox on WINDOWS (8fdedb6e-e933-4b00-b952-2a27f5ac8022)] -> id: city]
Selected a state by using object :[[FirefoxDriver: firefox on WINDOWS (8fdedb6e-e933-4b00-b952-2a27f5ac8022)] -> id: id_state]
Entering zipcode by using object :[[FirefoxDriver: firefox on WINDOWS (8fdedb6e-e933-4b00-b952-2a27f5ac8022)] -> id: postcode]
Selected a country by using object :[[FirefoxDriver: firefox on WINDOWS (8fdedb6e-e933-4b00-b952-2a27f5ac8022)] -> id: id_country]
Entering mobile number by using object :[[FirefoxDriver: firefox on WINDOWS (8fdedb6e-e933-4b00-b952-2a27f5ac8022)] -> id: phone_mobile]
Entering aliasing Address by using object :[[FirefoxDriver: firefox on WINDOWS (8fdedb6e-e933-4b00-b952-2a27f5ac8022)] -> id: alias]
Clicking on Register :Proxy element for: DefaultElementLocator 'By.id: submitAccount'
Verified My account page by using object :[[FirefoxDriver: firefox on WINDOWS (8fdedb6e-e933-4b00-b952-2a27f5ac8022)] -> xpath: //h1[text()='My account']]
Clicked on SignOut button with object : Proxy element for: DefaultElementLocator 'By.linkText: Sign out'
*******************End of TC001_CustomerRegistration******************
*******************Starting TC001_CustomerRegistration****************
Clicked on SignIN button with object: [[FirefoxDriver: firefox on WINDOWS (2615d7f5-268a-4d26-b06b-45074e28b400)] -> link text: Sign in]
Entering Email ID :qatest36105@gmail.com using object[[FirefoxDriver: firefox on WINDOWS (2615d7f5-268a-4d26-b06b-45074e28b400)] -> id: email_create]
Clicking on Create an account: [[FirefoxDriver: firefox on WINDOWS (2615d7f5-268a-4d26-b06b-45074e28b400)] -> id: SubmitCreate]
Verifying customer info page by using object: [[FirefoxDriver: firefox on WINDOWS (2615d7f5-268a-4d26-b06b-45074e28b400)] -> xpath: //h1[text()='Create an account']]
Clicking on Mr Radio button by using object: [[FirefoxDriver: firefox on WINDOWS (2615d7f5-268a-4d26-b06b-45074e28b400)] -> id: id_gender1]
Entering first name by using object :[[FirefoxDriver: firefox on WINDOWS (2615d7f5-268a-4d26-b06b-45074e28b400)] -> id: customer_firstname]
Entering last name by using object :[[FirefoxDriver: firefox on WINDOWS (2615d7f5-268a-4d26-b06b-45074e28b400)] -> id: customer_lastname]
Entering password by using object :[[FirefoxDriver: firefox on WINDOWS (2615d7f5-268a-4d26-b06b-45074e28b400)] -> id: passwd]
Selected a day by using object :[[FirefoxDriver: firefox on WINDOWS (2615d7f5-268a-4d26-b06b-45074e28b400)] -> id: days]
Selected a month by using object :[[FirefoxDriver: firefox on WINDOWS (2615d7f5-268a-4d26-b06b-45074e28b400)] -> id: months]
Selected a year by using object :[[FirefoxDriver: firefox on WINDOWS (2615d7f5-268a-4d26-b06b-45074e28b400)] -> id: years]
Entering address by using object :[[FirefoxDriver: firefox on WINDOWS (2615d7f5-268a-4d26-b06b-45074e28b400)] -> id: address1]
Entering state by using object :[[FirefoxDriver: firefox on WINDOWS (2615d7f5-268a-4d26-b06b-45074e28b400)] -> id: city]
Selected a state by using object :[[FirefoxDriver: firefox on WINDOWS (2615d7f5-268a-4d26-b06b-45074e28b400)] -> id: id_state]
Entering zipcode by using object :[[FirefoxDriver: firefox on WINDOWS (2615d7f5-268a-4d26-b06b-45074e28b400)] -> id: postcode]
Selected a country by using object :[[FirefoxDriver: firefox on WINDOWS (2615d7f5-268a-4d26-b06b-45074e28b400)] -> id: id_country]
Entering mobile number by using object :[[FirefoxDriver: firefox on WINDOWS (2615d7f5-268a-4d26-b06b-45074e28b400)] -> id: phone_mobile]
Entering aliasing Address by using object :[[FirefoxDriver: firefox on WINDOWS (2615d7f5-268a-4d26-b06b-45074e28b400)] -> id: alias]
Clicking on Register :Proxy element for: DefaultElementLocator 'By.id: submitAccount'
Verified My account page by using object :[[FirefoxDriver: firefox on WINDOWS (2615d7f5-268a-4d26-b06b-45074e28b400)] -> xpath: //h1[text()='My account']]
Clicked on SignOut button with object : Proxy element for: DefaultElementLocator 'By.linkText: Sign out'
*******************End of TC001_CustomerRegistration******************
*******************Starting TC001_CustomerRegistration****************
Clicked on SignIN button with object: [[FirefoxDriver: firefox on WINDOWS (5659dbf4-1ad7-44c0-a254-82828017857b)] -> link text: Sign in]
Entering Email ID :qatest12697@gmail.com using object[[FirefoxDriver: firefox on WINDOWS (5659dbf4-1ad7-44c0-a254-82828017857b)] -> id: email_create]
Clicking on Create an account: [[FirefoxDriver: firefox on WINDOWS (5659dbf4-1ad7-44c0-a254-82828017857b)] -> id: SubmitCreate]
Verifying customer info page by using object: [[FirefoxDriver: firefox on WINDOWS (5659dbf4-1ad7-44c0-a254-82828017857b)] -> xpath: //h1[text()='Create an account']]
Clicking on Mr Radio button by using object: [[FirefoxDriver: firefox on WINDOWS (5659dbf4-1ad7-44c0-a254-82828017857b)] -> id: id_gender1]
Entering first name by using object :[[FirefoxDriver: firefox on WINDOWS (5659dbf4-1ad7-44c0-a254-82828017857b)] -> id: customer_firstname]
Entering last name by using object :[[FirefoxDriver: firefox on WINDOWS (5659dbf4-1ad7-44c0-a254-82828017857b)] -> id: customer_lastname]
Entering password by using object :[[FirefoxDriver: firefox on WINDOWS (5659dbf4-1ad7-44c0-a254-82828017857b)] -> id: passwd]
Selected a day by using object :[[FirefoxDriver: firefox on WINDOWS (5659dbf4-1ad7-44c0-a254-82828017857b)] -> id: days]
Selected a month by using object :[[FirefoxDriver: firefox on WINDOWS (5659dbf4-1ad7-44c0-a254-82828017857b)] -> id: months]
Selected a year by using object :[[FirefoxDriver: firefox on WINDOWS (5659dbf4-1ad7-44c0-a254-82828017857b)] -> id: years]
Entering address by using object :[[FirefoxDriver: firefox on WINDOWS (5659dbf4-1ad7-44c0-a254-82828017857b)] -> id: address1]
Entering state by using object :[[FirefoxDriver: firefox on WINDOWS (5659dbf4-1ad7-44c0-a254-82828017857b)] -> id: city]
Selected a state by using object :[[FirefoxDriver: firefox on WINDOWS (5659dbf4-1ad7-44c0-a254-82828017857b)] -> id: id_state]
Entering zipcode by using object :[[FirefoxDriver: firefox on WINDOWS (5659dbf4-1ad7-44c0-a254-82828017857b)] -> id: postcode]
Selected a country by using object :[[FirefoxDriver: firefox on WINDOWS (5659dbf4-1ad7-44c0-a254-82828017857b)] -> id: id_country]
Entering mobile number by using object :[[FirefoxDriver: firefox on WINDOWS (5659dbf4-1ad7-44c0-a254-82828017857b)] -> id: phone_mobile]
Entering aliasing Address by using object :[[FirefoxDriver: firefox on WINDOWS (5659dbf4-1ad7-44c0-a254-82828017857b)] -> id: alias]
Clicking on Register :Proxy element for: DefaultElementLocator 'By.id: submitAccount'
Verified My account page by using object :[[FirefoxDriver: firefox on WINDOWS (5659dbf4-1ad7-44c0-a254-82828017857b)] -> xpath: //h1[text()='My account']]
Clicked on SignOut button with object : Proxy element for: DefaultElementLocator 'By.linkText: Sign out'
*******************End of TC001_CustomerRegistration******************
*******************Starting TC001_CustomerRegistration****************
Clicked on SignIN button with object: Proxy element for: DefaultElementLocator 'By.linkText: Sign in'
Entering Email ID :qatest28235@gmail.com using object[[FirefoxDriver: firefox on WINDOWS (08c30dd3-077c-4904-9a3a-3d5b68313a76)] -> id: email_create]
Clicking on Create an account: [[FirefoxDriver: firefox on WINDOWS (08c30dd3-077c-4904-9a3a-3d5b68313a76)] -> id: SubmitCreate]
Verifying customer info page by using object: [[FirefoxDriver: firefox on WINDOWS (08c30dd3-077c-4904-9a3a-3d5b68313a76)] -> xpath: //h1[text()='Create an account']]
Clicking on Mr Radio button by using object: [[FirefoxDriver: firefox on WINDOWS (08c30dd3-077c-4904-9a3a-3d5b68313a76)] -> id: id_gender1]
Entering first name by using object :[[FirefoxDriver: firefox on WINDOWS (08c30dd3-077c-4904-9a3a-3d5b68313a76)] -> id: customer_firstname]
Entering last name by using object :[[FirefoxDriver: firefox on WINDOWS (08c30dd3-077c-4904-9a3a-3d5b68313a76)] -> id: customer_lastname]
Entering password by using object :[[FirefoxDriver: firefox on WINDOWS (08c30dd3-077c-4904-9a3a-3d5b68313a76)] -> id: passwd]
Selected a day by using object :[[FirefoxDriver: firefox on WINDOWS (08c30dd3-077c-4904-9a3a-3d5b68313a76)] -> id: days]
Selected a month by using object :[[FirefoxDriver: firefox on WINDOWS (08c30dd3-077c-4904-9a3a-3d5b68313a76)] -> id: months]
Selected a year by using object :[[FirefoxDriver: firefox on WINDOWS (08c30dd3-077c-4904-9a3a-3d5b68313a76)] -> id: years]
Entering address by using object :[[FirefoxDriver: firefox on WINDOWS (08c30dd3-077c-4904-9a3a-3d5b68313a76)] -> id: address1]
Entering state by using object :[[FirefoxDriver: firefox on WINDOWS (08c30dd3-077c-4904-9a3a-3d5b68313a76)] -> id: city]
Selected a state by using object :[[FirefoxDriver: firefox on WINDOWS (08c30dd3-077c-4904-9a3a-3d5b68313a76)] -> id: id_state]
Entering zipcode by using object :[[FirefoxDriver: firefox on WINDOWS (08c30dd3-077c-4904-9a3a-3d5b68313a76)] -> id: postcode]
Selected a country by using object :[[FirefoxDriver: firefox on WINDOWS (08c30dd3-077c-4904-9a3a-3d5b68313a76)] -> id: id_country]
Entering mobile number by using object :[[FirefoxDriver: firefox on WINDOWS (08c30dd3-077c-4904-9a3a-3d5b68313a76)] -> id: phone_mobile]
Entering aliasing Address by using object :[[FirefoxDriver: firefox on WINDOWS (08c30dd3-077c-4904-9a3a-3d5b68313a76)] -> id: alias]
Clicking on Register :Proxy element for: DefaultElementLocator 'By.id: submitAccount'
Verified My account page by using object :[[FirefoxDriver: firefox on WINDOWS (08c30dd3-077c-4904-9a3a-3d5b68313a76)] -> xpath: //h1[text()='My account']]
Clicked on SignOut button with object : Proxy element for: DefaultElementLocator 'By.linkText: Sign out'
*******************End of TC001_CustomerRegistration******************
*******************Starting TC001_CustomerRegistration****************
Clicked on SignIN button with object: [[FirefoxDriver: firefox on WINDOWS (c5bbba89-a6f7-4874-b498-d4f0ecfc0a74)] -> link text: Sign in]
Entering Email ID :qatest63270@gmail.com using object[[FirefoxDriver: firefox on WINDOWS (c5bbba89-a6f7-4874-b498-d4f0ecfc0a74)] -> id: email_create]
Clicking on Create an account: [[FirefoxDriver: firefox on WINDOWS (c5bbba89-a6f7-4874-b498-d4f0ecfc0a74)] -> id: SubmitCreate]
Verifying customer info page by using object: [[FirefoxDriver: firefox on WINDOWS (c5bbba89-a6f7-4874-b498-d4f0ecfc0a74)] -> xpath: //h1[text()='Create an account']]
Clicking on Mr Radio button by using object: [[FirefoxDriver: firefox on WINDOWS (c5bbba89-a6f7-4874-b498-d4f0ecfc0a74)] -> id: id_gender1]
Entering first name by using object :[[FirefoxDriver: firefox on WINDOWS (c5bbba89-a6f7-4874-b498-d4f0ecfc0a74)] -> id: customer_firstname]
Entering last name by using object :[[FirefoxDriver: firefox on WINDOWS (c5bbba89-a6f7-4874-b498-d4f0ecfc0a74)] -> id: customer_lastname]
Entering password by using object :[[FirefoxDriver: firefox on WINDOWS (c5bbba89-a6f7-4874-b498-d4f0ecfc0a74)] -> id: passwd]
Selected a day by using object :[[FirefoxDriver: firefox on WINDOWS (c5bbba89-a6f7-4874-b498-d4f0ecfc0a74)] -> id: days]
Selected a month by using object :[[FirefoxDriver: firefox on WINDOWS (c5bbba89-a6f7-4874-b498-d4f0ecfc0a74)] -> id: months]
Selected a year by using object :[[FirefoxDriver: firefox on WINDOWS (c5bbba89-a6f7-4874-b498-d4f0ecfc0a74)] -> id: years]
Entering address by using object :[[FirefoxDriver: firefox on WINDOWS (c5bbba89-a6f7-4874-b498-d4f0ecfc0a74)] -> id: address1]
Entering state by using object :[[FirefoxDriver: firefox on WINDOWS (c5bbba89-a6f7-4874-b498-d4f0ecfc0a74)] -> id: city]
Selected a state by using object :[[FirefoxDriver: firefox on WINDOWS (c5bbba89-a6f7-4874-b498-d4f0ecfc0a74)] -> id: id_state]
Entering zipcode by using object :[[FirefoxDriver: firefox on WINDOWS (c5bbba89-a6f7-4874-b498-d4f0ecfc0a74)] -> id: postcode]
Selected a country by using object :[[FirefoxDriver: firefox on WINDOWS (c5bbba89-a6f7-4874-b498-d4f0ecfc0a74)] -> id: id_country]
Entering mobile number by using object :[[FirefoxDriver: firefox on WINDOWS (c5bbba89-a6f7-4874-b498-d4f0ecfc0a74)] -> id: phone_mobile]
Entering aliasing Address by using object :[[FirefoxDriver: firefox on WINDOWS (c5bbba89-a6f7-4874-b498-d4f0ecfc0a74)] -> id: alias]
Clicking on Register :Proxy element for: DefaultElementLocator 'By.id: submitAccount'
Verified My account page by using object :[[FirefoxDriver: firefox on WINDOWS (c5bbba89-a6f7-4874-b498-d4f0ecfc0a74)] -> xpath: //h1[text()='My account']]
Clicked on SignOut button with object : Proxy element for: DefaultElementLocator 'By.linkText: Sign out'
*******************End of TC001_CustomerRegistration******************
*******************Starting TC001_CustomerRegistration****************
Clicked on SignIN button with object: Proxy element for: DefaultElementLocator 'By.linkText: Sign in'
Entering Email ID :qatest21747@gmail.com using object[[FirefoxDriver: firefox on WINDOWS (df146ba9-0d55-4dc3-a412-a59d96e4a5e4)] -> id: email_create]
Clicking on Create an account: [[FirefoxDriver: firefox on WINDOWS (df146ba9-0d55-4dc3-a412-a59d96e4a5e4)] -> id: SubmitCreate]
Verifying customer info page by using object: [[FirefoxDriver: firefox on WINDOWS (df146ba9-0d55-4dc3-a412-a59d96e4a5e4)] -> xpath: //h1[text()='Create an account']]
Clicking on Mr Radio button by using object: [[FirefoxDriver: firefox on WINDOWS (df146ba9-0d55-4dc3-a412-a59d96e4a5e4)] -> id: id_gender1]
Entering first name by using object :[[FirefoxDriver: firefox on WINDOWS (df146ba9-0d55-4dc3-a412-a59d96e4a5e4)] -> id: customer_firstname]
Entering last name by using object :[[FirefoxDriver: firefox on WINDOWS (df146ba9-0d55-4dc3-a412-a59d96e4a5e4)] -> id: customer_lastname]
Entering password by using object :[[FirefoxDriver: firefox on WINDOWS (df146ba9-0d55-4dc3-a412-a59d96e4a5e4)] -> id: passwd]
Selected a day by using object :[[FirefoxDriver: firefox on WINDOWS (df146ba9-0d55-4dc3-a412-a59d96e4a5e4)] -> id: days]
Selected a month by using object :[[FirefoxDriver: firefox on WINDOWS (df146ba9-0d55-4dc3-a412-a59d96e4a5e4)] -> id: months]
Selected a year by using object :[[FirefoxDriver: firefox on WINDOWS (df146ba9-0d55-4dc3-a412-a59d96e4a5e4)] -> id: years]
Entering address by using object :[[FirefoxDriver: firefox on WINDOWS (df146ba9-0d55-4dc3-a412-a59d96e4a5e4)] -> id: address1]
Entering state by using object :[[FirefoxDriver: firefox on WINDOWS (df146ba9-0d55-4dc3-a412-a59d96e4a5e4)] -> id: city]
Selected a state by using object :[[FirefoxDriver: firefox on WINDOWS (df146ba9-0d55-4dc3-a412-a59d96e4a5e4)] -> id: id_state]
Entering zipcode by using object :[[FirefoxDriver: firefox on WINDOWS (df146ba9-0d55-4dc3-a412-a59d96e4a5e4)] -> id: postcode]
Selected a country by using object :[[FirefoxDriver: firefox on WINDOWS (df146ba9-0d55-4dc3-a412-a59d96e4a5e4)] -> id: id_country]
Entering mobile number by using object :[[FirefoxDriver: firefox on WINDOWS (df146ba9-0d55-4dc3-a412-a59d96e4a5e4)] -> id: phone_mobile]
Entering aliasing Address by using object :[[FirefoxDriver: firefox on WINDOWS (df146ba9-0d55-4dc3-a412-a59d96e4a5e4)] -> id: alias]
Clicking on Register :Proxy element for: DefaultElementLocator 'By.id: submitAccount'
Verified My account page by using object :[[FirefoxDriver: firefox on WINDOWS (df146ba9-0d55-4dc3-a412-a59d96e4a5e4)] -> xpath: //h1[text()='My account']]
Clicked on SignOut button with object : Proxy element for: DefaultElementLocator 'By.linkText: Sign out'
*******************End of TC001_CustomerRegistration******************
*******************Starting TC001_CustomerRegistration****************
Clicked on SignIN button with object: Proxy element for: DefaultElementLocator 'By.linkText: Sign in'
Entering Email ID :qatest37392@gmail.com using object[[FirefoxDriver: firefox on WINDOWS (47c53edb-a89d-4ade-a6e2-bef9060ab591)] -> id: email_create]
Clicking on Create an account: [[FirefoxDriver: firefox on WINDOWS (47c53edb-a89d-4ade-a6e2-bef9060ab591)] -> id: SubmitCreate]
Verifying customer info page by using object: [[FirefoxDriver: firefox on WINDOWS (47c53edb-a89d-4ade-a6e2-bef9060ab591)] -> xpath: //h1[text()='Create an account']]
Clicking on Mr Radio button by using object: [[FirefoxDriver: firefox on WINDOWS (47c53edb-a89d-4ade-a6e2-bef9060ab591)] -> id: id_gender1]
Entering first name by using object :[[FirefoxDriver: firefox on WINDOWS (47c53edb-a89d-4ade-a6e2-bef9060ab591)] -> id: customer_firstname]
Entering last name by using object :[[FirefoxDriver: firefox on WINDOWS (47c53edb-a89d-4ade-a6e2-bef9060ab591)] -> id: customer_lastname]
Entering password by using object :[[FirefoxDriver: firefox on WINDOWS (47c53edb-a89d-4ade-a6e2-bef9060ab591)] -> id: passwd]
Selected a day by using object :[[FirefoxDriver: firefox on WINDOWS (47c53edb-a89d-4ade-a6e2-bef9060ab591)] -> id: days]
Selected a month by using object :[[FirefoxDriver: firefox on WINDOWS (47c53edb-a89d-4ade-a6e2-bef9060ab591)] -> id: months]
Selected a year by using object :[[FirefoxDriver: firefox on WINDOWS (47c53edb-a89d-4ade-a6e2-bef9060ab591)] -> id: years]
Entering address by using object :[[FirefoxDriver: firefox on WINDOWS (47c53edb-a89d-4ade-a6e2-bef9060ab591)] -> id: address1]
Entering state by using object :[[FirefoxDriver: firefox on WINDOWS (47c53edb-a89d-4ade-a6e2-bef9060ab591)] -> id: city]
Selected a state by using object :[[FirefoxDriver: firefox on WINDOWS (47c53edb-a89d-4ade-a6e2-bef9060ab591)] -> id: id_state]
Entering zipcode by using object :[[FirefoxDriver: firefox on WINDOWS (47c53edb-a89d-4ade-a6e2-bef9060ab591)] -> id: postcode]
Selected a country by using object :[[FirefoxDriver: firefox on WINDOWS (47c53edb-a89d-4ade-a6e2-bef9060ab591)] -> id: id_country]
Entering mobile number by using object :[[FirefoxDriver: firefox on WINDOWS (47c53edb-a89d-4ade-a6e2-bef9060ab591)] -> id: phone_mobile]
Entering aliasing Address by using object :[[FirefoxDriver: firefox on WINDOWS (47c53edb-a89d-4ade-a6e2-bef9060ab591)] -> id: alias]
Clicking on Register :Proxy element for: DefaultElementLocator 'By.id: submitAccount'
Verified My account page by using object :[[FirefoxDriver: firefox on WINDOWS (47c53edb-a89d-4ade-a6e2-bef9060ab591)] -> xpath: //h1[text()='My account']]
Clicked on SignOut button with object : Proxy element for: DefaultElementLocator 'By.linkText: Sign out'
*******************End of TC001_CustomerRegistration******************
